[0.013s] Invoking command in '/home/feng/dual_arm_control/build/dual_arm_controller': AMENT_PREFIX_PATH=/home/feng/dual_arm_control/install/dummy2_arm_moveit_config:${AMENT_PREFIX_PATH} CMAKE_PREFIX_PATH=/home/feng/dual_arm_control/install/dummy2_arm_moveit_config:/home/feng/zed_ros/install/zed_ros2:/home/feng/zed_ros/install/zed_wrapper:/home/feng/zed_ros/install/zed_components:/opt/ros/humble /usr/bin/cmake --build /home/feng/dual_arm_control/build/dual_arm_controller -- -j32 -l32
[0.094s] [35m[1mConsolidate compiler generated dependencies of target dual_arm_controller_node[0m
[0.124s] [ 50%] [32mBuilding CXX object CMakeFiles/dual_arm_controller_node.dir/src/dual_arm_controller_node.cpp.o[0m
[8.650s] [100%] [32m[1mLinking CXX executable dual_arm_controller_node[0m
[9.199s] [100%] Built target dual_arm_controller_node
[9.216s] Invoked command in '/home/feng/dual_arm_control/build/dual_arm_controller' returned '0': AMENT_PREFIX_PATH=/home/feng/dual_arm_control/install/dummy2_arm_moveit_config:${AMENT_PREFIX_PATH} CMAKE_PREFIX_PATH=/home/feng/dual_arm_control/install/dummy2_arm_moveit_config:/home/feng/zed_ros/install/zed_ros2:/home/feng/zed_ros/install/zed_wrapper:/home/feng/zed_ros/install/zed_components:/opt/ros/humble /usr/bin/cmake --build /home/feng/dual_arm_control/build/dual_arm_controller -- -j32 -l32
[9.219s] Invoking command in '/home/feng/dual_arm_control/build/dual_arm_controller': AMENT_PREFIX_PATH=/home/feng/dual_arm_control/install/dummy2_arm_moveit_config:${AMENT_PREFIX_PATH} CMAKE_PREFIX_PATH=/home/feng/dual_arm_control/install/dummy2_arm_moveit_config:/home/feng/zed_ros/install/zed_ros2:/home/feng/zed_ros/install/zed_wrapper:/home/feng/zed_ros/install/zed_components:/opt/ros/humble /usr/bin/cmake --install /home/feng/dual_arm_control/build/dual_arm_controller
[9.232s] -- Install configuration: ""
[9.232s] -- Installing: /home/feng/dual_arm_control/install/dual_arm_controller/lib/dual_arm_controller/dual_arm_controller_node
[9.233s] -- Set runtime path of "/home/feng/dual_arm_control/install/dual_arm_controller/lib/dual_arm_controller/dual_arm_controller_node" to ""
[9.233s] -- Up-to-date: /home/feng/dual_arm_control/install/dual_arm_controller/share/dual_arm_controller/launch
[9.233s] -- Up-to-date: /home/feng/dual_arm_control/install/dual_arm_controller/share/dual_arm_controller/launch/dual_arm_control.launch.py
[9.233s] -- Up-to-date: /home/feng/dual_arm_control/install/dual_arm_controller/share/ament_index/resource_index/package_run_dependencies/dual_arm_controller
[9.233s] -- Up-to-date: /home/feng/dual_arm_control/install/dual_arm_controller/share/ament_index/resource_index/parent_prefix_path/dual_arm_controller
[9.233s] -- Up-to-date: /home/feng/dual_arm_control/install/dual_arm_controller/share/dual_arm_controller/environment/ament_prefix_path.sh
[9.233s] -- Up-to-date: /home/feng/dual_arm_control/install/dual_arm_controller/share/dual_arm_controller/environment/ament_prefix_path.dsv
[9.234s] -- Up-to-date: /home/feng/dual_arm_control/install/dual_arm_controller/share/dual_arm_controller/environment/path.sh
[9.234s] -- Up-to-date: /home/feng/dual_arm_control/install/dual_arm_controller/share/dual_arm_controller/environment/path.dsv
[9.234s] -- Up-to-date: /home/feng/dual_arm_control/install/dual_arm_controller/share/dual_arm_controller/local_setup.bash
[9.234s] -- Up-to-date: /home/feng/dual_arm_control/install/dual_arm_controller/share/dual_arm_controller/local_setup.sh
[9.234s] -- Up-to-date: /home/feng/dual_arm_control/install/dual_arm_controller/share/dual_arm_controller/local_setup.zsh
[9.234s] -- Up-to-date: /home/feng/dual_arm_control/install/dual_arm_controller/share/dual_arm_controller/local_setup.dsv
[9.234s] -- Installing: /home/feng/dual_arm_control/install/dual_arm_controller/share/dual_arm_controller/package.dsv
[9.234s] -- Up-to-date: /home/feng/dual_arm_control/install/dual_arm_controller/share/ament_index/resource_index/packages/dual_arm_controller
[9.234s] -- Up-to-date: /home/feng/dual_arm_control/install/dual_arm_controller/share/dual_arm_controller/cmake/dual_arm_controllerConfig.cmake
[9.234s] -- Up-to-date: /home/feng/dual_arm_control/install/dual_arm_controller/share/dual_arm_controller/cmake/dual_arm_controllerConfig-version.cmake
[9.234s] -- Up-to-date: /home/feng/dual_arm_control/install/dual_arm_controller/share/dual_arm_controller/package.xml
[9.237s] Invoked command in '/home/feng/dual_arm_control/build/dual_arm_controller' returned '0': AMENT_PREFIX_PATH=/home/feng/dual_arm_control/install/dummy2_arm_moveit_config:${AMENT_PREFIX_PATH} CMAKE_PREFIX_PATH=/home/feng/dual_arm_control/install/dummy2_arm_moveit_config:/home/feng/zed_ros/install/zed_ros2:/home/feng/zed_ros/install/zed_wrapper:/home/feng/zed_ros/install/zed_components:/opt/ros/humble /usr/bin/cmake --install /home/feng/dual_arm_control/build/dual_arm_controller
