-- Install configuration: ""
-- Up-to-date: /home/feng/dual_arm_control/install/dummy2_arm_moveit_config/share/dummy2_arm_moveit_config/simulation
-- Up-to-date: /home/feng/dual_arm_control/install/dummy2_arm_moveit_config/share/dummy2_arm_moveit_config/simulation/dummy2.py
-- Up-to-date: /home/feng/dual_arm_control/install/dummy2_arm_moveit_config/share/dummy2_arm_moveit_config/simulation/README.md
-- Up-to-date: /home/feng/dual_arm_control/install/dummy2_arm_moveit_config/share/dummy2_arm_moveit_config/simulation/dummy2
-- Up-to-date: /home/feng/dual_arm_control/install/dummy2_arm_moveit_config/share/dummy2_arm_moveit_config/simulation/dummy2/dummy2.urdf
-- Up-to-date: /home/feng/dual_arm_control/install/dummy2_arm_moveit_config/share/dummy2_arm_moveit_config/simulation/dummy2/meshes
-- Up-to-date: /home/feng/dual_arm_control/install/dummy2_arm_moveit_config/share/dummy2_arm_moveit_config/simulation/dummy2/meshes/link6_1.stl
-- Up-to-date: /home/feng/dual_arm_control/install/dummy2_arm_moveit_config/share/dummy2_arm_moveit_config/simulation/dummy2/meshes/base_link.stl
-- Up-to-date: /home/feng/dual_arm_control/install/dummy2_arm_moveit_config/share/dummy2_arm_moveit_config/simulation/dummy2/meshes/link1_1.stl
-- Up-to-date: /home/feng/dual_arm_control/install/dummy2_arm_moveit_config/share/dummy2_arm_moveit_config/simulation/dummy2/meshes/camera_eye_1.stl
-- Up-to-date: /home/feng/dual_arm_control/install/dummy2_arm_moveit_config/share/dummy2_arm_moveit_config/simulation/dummy2/meshes/link4_1.stl
-- Up-to-date: /home/feng/dual_arm_control/install/dummy2_arm_moveit_config/share/dummy2_arm_moveit_config/simulation/dummy2/meshes/link3_1.stl
-- Up-to-date: /home/feng/dual_arm_control/install/dummy2_arm_moveit_config/share/dummy2_arm_moveit_config/simulation/dummy2/meshes/link2_1.stl
-- Up-to-date: /home/feng/dual_arm_control/install/dummy2_arm_moveit_config/share/dummy2_arm_moveit_config/simulation/dummy2/meshes/camera_1.stl
-- Up-to-date: /home/feng/dual_arm_control/install/dummy2_arm_moveit_config/share/dummy2_arm_moveit_config/simulation/dummy2/meshes/figer1_1.stl
-- Up-to-date: /home/feng/dual_arm_control/install/dummy2_arm_moveit_config/share/dummy2_arm_moveit_config/simulation/dummy2/meshes/link5_1.stl
-- Up-to-date: /home/feng/dual_arm_control/install/dummy2_arm_moveit_config/share/dummy2_arm_moveit_config/simulation/dummy2/meshes/figer2_1.stl
-- Up-to-date: /home/feng/dual_arm_control/install/dummy2_arm_moveit_config/share/ament_index/resource_index/package_run_dependencies/dummy2_arm_moveit_config
-- Up-to-date: /home/feng/dual_arm_control/install/dummy2_arm_moveit_config/share/ament_index/resource_index/parent_prefix_path/dummy2_arm_moveit_config
-- Up-to-date: /home/feng/dual_arm_control/install/dummy2_arm_moveit_config/share/dummy2_arm_moveit_config/environment/ament_prefix_path.sh
-- Up-to-date: /home/feng/dual_arm_control/install/dummy2_arm_moveit_config/share/dummy2_arm_moveit_config/environment/ament_prefix_path.dsv
-- Up-to-date: /home/feng/dual_arm_control/install/dummy2_arm_moveit_config/share/dummy2_arm_moveit_config/environment/path.sh
-- Up-to-date: /home/feng/dual_arm_control/install/dummy2_arm_moveit_config/share/dummy2_arm_moveit_config/environment/path.dsv
-- Up-to-date: /home/feng/dual_arm_control/install/dummy2_arm_moveit_config/share/dummy2_arm_moveit_config/local_setup.bash
-- Up-to-date: /home/feng/dual_arm_control/install/dummy2_arm_moveit_config/share/dummy2_arm_moveit_config/local_setup.sh
-- Up-to-date: /home/feng/dual_arm_control/install/dummy2_arm_moveit_config/share/dummy2_arm_moveit_config/local_setup.zsh
-- Up-to-date: /home/feng/dual_arm_control/install/dummy2_arm_moveit_config/share/dummy2_arm_moveit_config/local_setup.dsv
-- Up-to-date: /home/feng/dual_arm_control/install/dummy2_arm_moveit_config/share/dummy2_arm_moveit_config/package.dsv
-- Up-to-date: /home/feng/dual_arm_control/install/dummy2_arm_moveit_config/share/ament_index/resource_index/packages/dummy2_arm_moveit_config
-- Up-to-date: /home/feng/dual_arm_control/install/dummy2_arm_moveit_config/share/dummy2_arm_moveit_config/cmake/dummy2_arm_moveit_configConfig.cmake
-- Up-to-date: /home/feng/dual_arm_control/install/dummy2_arm_moveit_config/share/dummy2_arm_moveit_config/cmake/dummy2_arm_moveit_configConfig-version.cmake
-- Up-to-date: /home/feng/dual_arm_control/install/dummy2_arm_moveit_config/share/dummy2_arm_moveit_config/package.xml
