[0.007s] Invoking command in '/home/feng/dual_arm_control/build/dummy2_arm_moveit_config': CMAKE_PREFIX_PATH=${CMAKE_PREFIX_PATH}:/opt/ros/humble /usr/bin/cmake --build /home/feng/dual_arm_control/build/dummy2_arm_moveit_config -- -j32 -l32
[0.033s] Invoked command in '/home/feng/dual_arm_control/build/dummy2_arm_moveit_config' returned '0': CMAKE_PREFIX_PATH=${CMAKE_PREFIX_PATH}:/opt/ros/humble /usr/bin/cmake --build /home/feng/dual_arm_control/build/dummy2_arm_moveit_config -- -j32 -l32
[0.039s] Invoking command in '/home/feng/dual_arm_control/build/dummy2_arm_moveit_config': CMAKE_PREFIX_PATH=${CMAKE_PREFIX_PATH}:/opt/ros/humble /usr/bin/cmake --install /home/feng/dual_arm_control/build/dummy2_arm_moveit_config
[0.043s] -- Install configuration: ""
[0.044s] -- Up-to-date: /home/feng/dual_arm_control/install/dummy2_arm_moveit_config/share/dummy2_arm_moveit_config/simulation
[0.044s] -- Up-to-date: /home/feng/dual_arm_control/install/dummy2_arm_moveit_config/share/dummy2_arm_moveit_config/simulation/dummy2.py
[0.044s] -- Up-to-date: /home/feng/dual_arm_control/install/dummy2_arm_moveit_config/share/dummy2_arm_moveit_config/simulation/README.md
[0.044s] -- Up-to-date: /home/feng/dual_arm_control/install/dummy2_arm_moveit_config/share/dummy2_arm_moveit_config/simulation/dummy2
[0.044s] -- Up-to-date: /home/feng/dual_arm_control/install/dummy2_arm_moveit_config/share/dummy2_arm_moveit_config/simulation/dummy2/dummy2.urdf
[0.044s] -- Up-to-date: /home/feng/dual_arm_control/install/dummy2_arm_moveit_config/share/dummy2_arm_moveit_config/simulation/dummy2/meshes
[0.044s] -- Up-to-date: /home/feng/dual_arm_control/install/dummy2_arm_moveit_config/share/dummy2_arm_moveit_config/simulation/dummy2/meshes/link6_1.stl
[0.044s] -- Up-to-date: /home/feng/dual_arm_control/install/dummy2_arm_moveit_config/share/dummy2_arm_moveit_config/simulation/dummy2/meshes/base_link.stl
[0.044s] -- Up-to-date: /home/feng/dual_arm_control/install/dummy2_arm_moveit_config/share/dummy2_arm_moveit_config/simulation/dummy2/meshes/link1_1.stl
[0.044s] -- Up-to-date: /home/feng/dual_arm_control/install/dummy2_arm_moveit_config/share/dummy2_arm_moveit_config/simulation/dummy2/meshes/camera_eye_1.stl
[0.044s] -- Up-to-date: /home/feng/dual_arm_control/install/dummy2_arm_moveit_config/share/dummy2_arm_moveit_config/simulation/dummy2/meshes/link4_1.stl
[0.044s] -- Up-to-date: /home/feng/dual_arm_control/install/dummy2_arm_moveit_config/share/dummy2_arm_moveit_config/simulation/dummy2/meshes/link3_1.stl
[0.044s] -- Up-to-date: /home/feng/dual_arm_control/install/dummy2_arm_moveit_config/share/dummy2_arm_moveit_config/simulation/dummy2/meshes/link2_1.stl
[0.044s] -- Up-to-date: /home/feng/dual_arm_control/install/dummy2_arm_moveit_config/share/dummy2_arm_moveit_config/simulation/dummy2/meshes/camera_1.stl
[0.044s] -- Up-to-date: /home/feng/dual_arm_control/install/dummy2_arm_moveit_config/share/dummy2_arm_moveit_config/simulation/dummy2/meshes/figer1_1.stl
[0.044s] -- Up-to-date: /home/feng/dual_arm_control/install/dummy2_arm_moveit_config/share/dummy2_arm_moveit_config/simulation/dummy2/meshes/link5_1.stl
[0.044s] -- Up-to-date: /home/feng/dual_arm_control/install/dummy2_arm_moveit_config/share/dummy2_arm_moveit_config/simulation/dummy2/meshes/figer2_1.stl
[0.044s] -- Up-to-date: /home/feng/dual_arm_control/install/dummy2_arm_moveit_config/share/ament_index/resource_index/package_run_dependencies/dummy2_arm_moveit_config
[0.044s] -- Up-to-date: /home/feng/dual_arm_control/install/dummy2_arm_moveit_config/share/ament_index/resource_index/parent_prefix_path/dummy2_arm_moveit_config
[0.044s] -- Up-to-date: /home/feng/dual_arm_control/install/dummy2_arm_moveit_config/share/dummy2_arm_moveit_config/environment/ament_prefix_path.sh
[0.044s] -- Up-to-date: /home/feng/dual_arm_control/install/dummy2_arm_moveit_config/share/dummy2_arm_moveit_config/environment/ament_prefix_path.dsv
[0.044s] -- Up-to-date: /home/feng/dual_arm_control/install/dummy2_arm_moveit_config/share/dummy2_arm_moveit_config/environment/path.sh
[0.044s] -- Up-to-date: /home/feng/dual_arm_control/install/dummy2_arm_moveit_config/share/dummy2_arm_moveit_config/environment/path.dsv
[0.044s] -- Up-to-date: /home/feng/dual_arm_control/install/dummy2_arm_moveit_config/share/dummy2_arm_moveit_config/local_setup.bash
[0.044s] -- Up-to-date: /home/feng/dual_arm_control/install/dummy2_arm_moveit_config/share/dummy2_arm_moveit_config/local_setup.sh
[0.044s] -- Up-to-date: /home/feng/dual_arm_control/install/dummy2_arm_moveit_config/share/dummy2_arm_moveit_config/local_setup.zsh
[0.044s] -- Up-to-date: /home/feng/dual_arm_control/install/dummy2_arm_moveit_config/share/dummy2_arm_moveit_config/local_setup.dsv
[0.044s] -- Up-to-date: /home/feng/dual_arm_control/install/dummy2_arm_moveit_config/share/dummy2_arm_moveit_config/package.dsv
[0.044s] -- Up-to-date: /home/feng/dual_arm_control/install/dummy2_arm_moveit_config/share/ament_index/resource_index/packages/dummy2_arm_moveit_config
[0.044s] -- Up-to-date: /home/feng/dual_arm_control/install/dummy2_arm_moveit_config/share/dummy2_arm_moveit_config/cmake/dummy2_arm_moveit_configConfig.cmake
[0.044s] -- Up-to-date: /home/feng/dual_arm_control/install/dummy2_arm_moveit_config/share/dummy2_arm_moveit_config/cmake/dummy2_arm_moveit_configConfig-version.cmake
[0.044s] -- Up-to-date: /home/feng/dual_arm_control/install/dummy2_arm_moveit_config/share/dummy2_arm_moveit_config/package.xml
[0.045s] Invoked command in '/home/feng/dual_arm_control/build/dummy2_arm_moveit_config' returned '0': CMAKE_PREFIX_PATH=${CMAKE_PREFIX_PATH}:/opt/ros/humble /usr/bin/cmake --install /home/feng/dual_arm_control/build/dummy2_arm_moveit_config
