[0.008s] Invoking command in '/home/feng/dual_arm_control/build/dual_arm_controller': CMAKE_PREFIX_PATH=/home/feng/dual_arm_control/install/dummy2_arm_moveit_config:/home/feng/dual_arm_control/install/dual_arm_controller:/home/feng/zed_ros/install/zed_ros2:/home/feng/zed_ros/install/zed_wrapper:/home/feng/zed_ros/install/zed_components:/opt/ros/humble /usr/bin/cmake --build /home/feng/dual_arm_control/build/dual_arm_controller -- -j32 -l32
[0.040s] [35m[1mConsolidate compiler generated dependencies of target dual_arm_controller_node[0m
[0.056s] [100%] Built target dual_arm_controller_node
[0.064s] Invoked command in '/home/feng/dual_arm_control/build/dual_arm_controller' returned '0': CMAKE_PREFIX_PATH=/home/feng/dual_arm_control/install/dummy2_arm_moveit_config:/home/feng/dual_arm_control/install/dual_arm_controller:/home/feng/zed_ros/install/zed_ros2:/home/feng/zed_ros/install/zed_wrapper:/home/feng/zed_ros/install/zed_components:/opt/ros/humble /usr/bin/cmake --build /home/feng/dual_arm_control/build/dual_arm_controller -- -j32 -l32
[0.069s] Invoking command in '/home/feng/dual_arm_control/build/dual_arm_controller': CMAKE_PREFIX_PATH=/home/feng/dual_arm_control/install/dummy2_arm_moveit_config:/home/feng/dual_arm_control/install/dual_arm_controller:/home/feng/zed_ros/install/zed_ros2:/home/feng/zed_ros/install/zed_wrapper:/home/feng/zed_ros/install/zed_components:/opt/ros/humble /usr/bin/cmake --install /home/feng/dual_arm_control/build/dual_arm_controller
[0.074s] -- Install configuration: ""
[0.074s] -- Up-to-date: /home/feng/dual_arm_control/install/dual_arm_controller/lib/dual_arm_controller/dual_arm_controller_node
[0.074s] -- Up-to-date: /home/feng/dual_arm_control/install/dual_arm_controller/share/dual_arm_controller/launch
[0.074s] -- Installing: /home/feng/dual_arm_control/install/dual_arm_controller/share/dual_arm_controller/launch/dual_arm_control.launch.py
[0.074s] -- Up-to-date: /home/feng/dual_arm_control/install/dual_arm_controller/share/ament_index/resource_index/package_run_dependencies/dual_arm_controller
[0.074s] -- Up-to-date: /home/feng/dual_arm_control/install/dual_arm_controller/share/ament_index/resource_index/parent_prefix_path/dual_arm_controller
[0.074s] -- Up-to-date: /home/feng/dual_arm_control/install/dual_arm_controller/share/dual_arm_controller/environment/ament_prefix_path.sh
[0.074s] -- Up-to-date: /home/feng/dual_arm_control/install/dual_arm_controller/share/dual_arm_controller/environment/ament_prefix_path.dsv
[0.074s] -- Up-to-date: /home/feng/dual_arm_control/install/dual_arm_controller/share/dual_arm_controller/environment/path.sh
[0.074s] -- Up-to-date: /home/feng/dual_arm_control/install/dual_arm_controller/share/dual_arm_controller/environment/path.dsv
[0.074s] -- Up-to-date: /home/feng/dual_arm_control/install/dual_arm_controller/share/dual_arm_controller/local_setup.bash
[0.074s] -- Up-to-date: /home/feng/dual_arm_control/install/dual_arm_controller/share/dual_arm_controller/local_setup.sh
[0.074s] -- Up-to-date: /home/feng/dual_arm_control/install/dual_arm_controller/share/dual_arm_controller/local_setup.zsh
[0.074s] -- Up-to-date: /home/feng/dual_arm_control/install/dual_arm_controller/share/dual_arm_controller/local_setup.dsv
[0.074s] -- Installing: /home/feng/dual_arm_control/install/dual_arm_controller/share/dual_arm_controller/package.dsv
[0.075s] -- Up-to-date: /home/feng/dual_arm_control/install/dual_arm_controller/share/ament_index/resource_index/packages/dual_arm_controller
[0.075s] -- Up-to-date: /home/feng/dual_arm_control/install/dual_arm_controller/share/dual_arm_controller/cmake/dual_arm_controllerConfig.cmake
[0.075s] -- Up-to-date: /home/feng/dual_arm_control/install/dual_arm_controller/share/dual_arm_controller/cmake/dual_arm_controllerConfig-version.cmake
[0.075s] -- Up-to-date: /home/feng/dual_arm_control/install/dual_arm_controller/share/dual_arm_controller/package.xml
[0.076s] Invoked command in '/home/feng/dual_arm_control/build/dual_arm_controller' returned '0': CMAKE_PREFIX_PATH=/home/feng/dual_arm_control/install/dummy2_arm_moveit_config:/home/feng/dual_arm_control/install/dual_arm_controller:/home/feng/zed_ros/install/zed_ros2:/home/feng/zed_ros/install/zed_wrapper:/home/feng/zed_ros/install/zed_components:/opt/ros/humble /usr/bin/cmake --install /home/feng/dual_arm_control/build/dual_arm_controller
