[0.006s] Invoking command in '/home/feng/dual_arm_control/build/dual_arm_controller': CMAKE_PREFIX_PATH=${CMAKE_PREFIX_PATH}:/opt/ros/humble /usr/bin/cmake /home/feng/dual_arm_control/dual_arm_controller -DCMAKE_INSTALL_PREFIX=/home/feng/dual_arm_control/install/dual_arm_controller
[0.041s] -- The C compiler identification is GNU 11.4.0
[0.074s] -- The CXX compiler identification is GNU 11.4.0
[0.078s] -- Detecting C compiler ABI info
[0.118s] -- Detecting C compiler ABI info - done
[0.121s] -- Check for working C compiler: /usr/bin/cc - skipped
[0.122s] -- Detecting C compile features
[0.122s] -- Detecting C compile features - done
[0.123s] -- Detecting CXX compiler ABI info
[0.168s] -- Detecting CXX compiler ABI info - done
[0.172s] -- Check for working CXX compiler: /usr/bin/c++ - skipped
[0.172s] -- Detecting CXX compile features
[0.172s] -- Detecting CXX compile features - done
[0.173s] -- Found ament_cmake: 1.3.12 (/opt/ros/humble/share/ament_cmake/cmake)
[0.259s] -- Found Python3: /usr/bin/python3 (found version "3.10.12") found components: Interpreter 
[0.310s] -- Found rclcpp: 16.0.14 (/opt/ros/humble/share/rclcpp/cmake)
[0.338s] -- Found rosidl_generator_c: 3.1.7 (/opt/ros/humble/share/rosidl_generator_c/cmake)
[0.341s] -- Found rosidl_adapter: 3.1.7 (/opt/ros/humble/share/rosidl_adapter/cmake)
[0.345s] -- Found rosidl_generator_cpp: 3.1.7 (/opt/ros/humble/share/rosidl_generator_cpp/cmake)
[0.351s] -- Using all available rosidl_typesupport_c: rosidl_typesupport_fastrtps_c;rosidl_typesupport_introspection_c
[0.358s] -- Using all available rosidl_typesupport_cpp: rosidl_typesupport_fastrtps_cpp;rosidl_typesupport_introspection_cpp
[0.379s] -- Found rmw_implementation_cmake: 6.1.2 (/opt/ros/humble/share/rmw_implementation_cmake/cmake)
[0.381s] -- Found rmw_cyclonedds_cpp: 1.3.4 (/opt/ros/humble/share/rmw_cyclonedds_cpp/cmake)
[0.391s] -- Using RMW implementation 'rmw_cyclonedds_cpp' as default
[0.396s] -- Looking for pthread.h
[0.444s] -- Looking for pthread.h - found
[0.444s] -- Performing Test CMAKE_HAVE_LIBC_PTHREAD
[0.494s] -- Performing Test CMAKE_HAVE_LIBC_PTHREAD - Success
[0.494s] -- Found Threads: TRUE  
[0.518s] -- Found moveit_core: 2.5.9 (/opt/ros/humble/share/moveit_core/cmake)
[0.534s] -- Found Boost: /usr/lib/x86_64-linux-gnu/cmake/Boost-1.74.0/BoostConfig.cmake (found version "1.74.0") found components: chrono date_time filesystem iostreams program_options regex serialization system thread 
[0.556s] -- Found parameter_traits: 0.5.0 (/opt/ros/humble/share/parameter_traits/cmake)
[0.562s] -- Found rclcpp_lifecycle: 16.0.14 (/opt/ros/humble/share/rclcpp_lifecycle/cmake)
[0.574s] -- Found Boost: /usr/lib/x86_64-linux-gnu/cmake/Boost-1.74.0/BoostConfig.cmake (found version "1.74.0") found components: filesystem 
[0.635s] -- library: /usr/lib/x86_64-linux-gnu/libcurl.so
[0.667s] -- Found Eigen3: TRUE (found version "3.4.0") 
[0.667s] -- Ensuring Eigen3 include directory is part of orocos-kdl CMake target
[0.791s] -- Found moveit_ros_planning_interface: 2.5.9 (/opt/ros/humble/share/moveit_ros_planning_interface/cmake)
[0.793s] -- Found Boost: /usr/lib/x86_64-linux-gnu/cmake/Boost-1.74.0/BoostConfig.cmake (found version "1.74.0") found components: date_time filesystem program_options system thread 
[0.800s] -- Found Boost: /usr/lib/x86_64-linux-gnu/cmake/Boost-1.74.0/BoostConfig.cmake (found version "1.74.0") found components: system filesystem date_time program_options thread chrono 
[0.816s] -- Found Boost: /usr/lib/x86_64-linux-gnu/cmake/Boost-1.74.0/BoostConfig.cmake (found version "1.74.0") found components: thread system filesystem regex date_time program_options 
[0.865s] -- Found Boost: /usr/lib/x86_64-linux-gnu/cmake/Boost-1.74.0/BoostConfig.cmake (found version "1.74.0") found components: system filesystem date_time program_options thread 
[0.881s] -- Found ament_lint_auto: 0.12.14 (/opt/ros/humble/share/ament_lint_auto/cmake)
[0.918s] -- Added test 'cppcheck' to perform static code analysis on C / C++ code
[0.918s] -- Configured cppcheck include dirs: 
[0.918s] -- Configured cppcheck exclude dirs and/or files: 
[0.918s] -- Added test 'flake8' to check Python code syntax and style conventions
[0.918s] -- Added test 'lint_cmake' to check CMake code style
[0.919s] -- Added test 'pep257' to check Python code against some of the docstring style conventions in PEP 257
[0.919s] -- Added test 'uncrustify' to check C / C++ code style
[0.919s] -- Configured uncrustify additional arguments: 
[0.919s] -- Added test 'xmllint' to check XML markup files
[0.920s] -- Configuring done
[0.931s] -- Generating done
[0.934s] -- Build files have been written to: /home/feng/dual_arm_control/build/dual_arm_controller
[0.941s] Invoked command in '/home/feng/dual_arm_control/build/dual_arm_controller' returned '0': CMAKE_PREFIX_PATH=${CMAKE_PREFIX_PATH}:/opt/ros/humble /usr/bin/cmake /home/feng/dual_arm_control/dual_arm_controller -DCMAKE_INSTALL_PREFIX=/home/feng/dual_arm_control/install/dual_arm_controller
[0.944s] Invoking command in '/home/feng/dual_arm_control/build/dual_arm_controller': CMAKE_PREFIX_PATH=${CMAKE_PREFIX_PATH}:/opt/ros/humble /usr/bin/cmake --build /home/feng/dual_arm_control/build/dual_arm_controller -- -j32 -l32
[0.976s] [ 50%] [32mBuilding CXX object CMakeFiles/dual_arm_controller_node.dir/src/dual_arm_controller_node.cpp.o[0m
[4.323s] [100%] [32m[1mLinking CXX executable dual_arm_controller_node[0m
[4.466s] [100%] Built target dual_arm_controller_node
[4.474s] Invoked command in '/home/feng/dual_arm_control/build/dual_arm_controller' returned '0': CMAKE_PREFIX_PATH=${CMAKE_PREFIX_PATH}:/opt/ros/humble /usr/bin/cmake --build /home/feng/dual_arm_control/build/dual_arm_controller -- -j32 -l32
[4.481s] Invoking command in '/home/feng/dual_arm_control/build/dual_arm_controller': CMAKE_PREFIX_PATH=${CMAKE_PREFIX_PATH}:/opt/ros/humble /usr/bin/cmake --install /home/feng/dual_arm_control/build/dual_arm_controller
[4.486s] -- Install configuration: ""
[4.486s] -- Installing: /home/feng/dual_arm_control/install/dual_arm_controller/lib/dual_arm_controller/dual_arm_controller_node
[4.486s] -- Set runtime path of "/home/feng/dual_arm_control/install/dual_arm_controller/lib/dual_arm_controller/dual_arm_controller_node" to ""
[4.486s] -- Installing: /home/feng/dual_arm_control/install/dual_arm_controller/share/dual_arm_controller/launch
[4.486s] -- Installing: /home/feng/dual_arm_control/install/dual_arm_controller/share/dual_arm_controller/launch/dual_arm_control.launch.py
[4.487s] -- Installing: /home/feng/dual_arm_control/install/dual_arm_controller/share/ament_index/resource_index/package_run_dependencies/dual_arm_controller
[4.487s] -- Installing: /home/feng/dual_arm_control/install/dual_arm_controller/share/ament_index/resource_index/parent_prefix_path/dual_arm_controller
[4.487s] -- Installing: /home/feng/dual_arm_control/install/dual_arm_controller/share/dual_arm_controller/environment/ament_prefix_path.sh
[4.487s] -- Installing: /home/feng/dual_arm_control/install/dual_arm_controller/share/dual_arm_controller/environment/ament_prefix_path.dsv
[4.487s] -- Installing: /home/feng/dual_arm_control/install/dual_arm_controller/share/dual_arm_controller/environment/path.sh
[4.487s] -- Installing: /home/feng/dual_arm_control/install/dual_arm_controller/share/dual_arm_controller/environment/path.dsv
[4.487s] -- Installing: /home/feng/dual_arm_control/install/dual_arm_controller/share/dual_arm_controller/local_setup.bash
[4.487s] -- Installing: /home/feng/dual_arm_control/install/dual_arm_controller/share/dual_arm_controller/local_setup.sh
[4.488s] -- Installing: /home/feng/dual_arm_control/install/dual_arm_controller/share/dual_arm_controller/local_setup.zsh
[4.488s] -- Installing: /home/feng/dual_arm_control/install/dual_arm_controller/share/dual_arm_controller/local_setup.dsv
[4.488s] -- Installing: /home/feng/dual_arm_control/install/dual_arm_controller/share/dual_arm_controller/package.dsv
[4.488s] -- Installing: /home/feng/dual_arm_control/install/dual_arm_controller/share/ament_index/resource_index/packages/dual_arm_controller
[4.488s] -- Installing: /home/feng/dual_arm_control/install/dual_arm_controller/share/dual_arm_controller/cmake/dual_arm_controllerConfig.cmake
[4.488s] -- Installing: /home/feng/dual_arm_control/install/dual_arm_controller/share/dual_arm_controller/cmake/dual_arm_controllerConfig-version.cmake
[4.488s] -- Installing: /home/feng/dual_arm_control/install/dual_arm_controller/share/dual_arm_controller/package.xml
[4.489s] Invoked command in '/home/feng/dual_arm_control/build/dual_arm_controller' returned '0': CMAKE_PREFIX_PATH=${CMAKE_PREFIX_PATH}:/opt/ros/humble /usr/bin/cmake --install /home/feng/dual_arm_control/build/dual_arm_controller
