[0.008s] Invoking command in '/home/feng/dual_arm_control/build/dummy2_arm_moveit_config': CMAKE_PREFIX_PATH=${CMAKE_PREFIX_PATH}:/opt/ros/humble /usr/bin/cmake /home/feng/dual_arm_control/src/dummy2_arm_moveit_config -DCMAKE_INSTALL_PREFIX=/home/feng/dual_arm_control/install/dummy2_arm_moveit_config
[0.049s] -- The C compiler identification is GNU 11.4.0
[0.085s] -- The CXX compiler identification is GNU 11.4.0
[0.090s] -- Detecting C compiler ABI info
[0.143s] -- Detecting C compiler ABI info - done
[0.149s] -- Check for working C compiler: /usr/bin/cc - skipped
[0.149s] -- Detecting C compile features
[0.149s] -- Detecting C compile features - done
[0.152s] -- Detecting CXX compiler ABI info
[0.207s] -- Detecting CXX compiler ABI info - done
[0.212s] -- Check for working CXX compiler: /usr/bin/c++ - skipped
[0.212s] -- Detecting CXX compile features
[0.212s] -- Detecting CXX compile features - done
[0.213s] -- Found ament_cmake: 1.3.12 (/opt/ros/humble/share/ament_cmake/cmake)
[0.312s] -- Found Python3: /usr/bin/python3 (found version "3.10.12") found components: Interpreter 
[0.363s] -- Found ament_lint_auto: 0.12.14 (/opt/ros/humble/share/ament_lint_auto/cmake)
[0.409s] -- Added test 'flake8' to check Python code syntax and style conventions
[0.410s] -- Added test 'lint_cmake' to check CMake code style
[0.410s] -- Added test 'pep257' to check Python code against some of the docstring style conventions in PEP 257
[0.410s] -- Added test 'xmllint' to check XML markup files
[0.411s] -- Configuring done
[0.412s] -- Generating done
[0.412s] -- Build files have been written to: /home/feng/dual_arm_control/build/dummy2_arm_moveit_config
[0.417s] Invoked command in '/home/feng/dual_arm_control/build/dummy2_arm_moveit_config' returned '0': CMAKE_PREFIX_PATH=${CMAKE_PREFIX_PATH}:/opt/ros/humble /usr/bin/cmake /home/feng/dual_arm_control/src/dummy2_arm_moveit_config -DCMAKE_INSTALL_PREFIX=/home/feng/dual_arm_control/install/dummy2_arm_moveit_config
[0.417s] Invoking command in '/home/feng/dual_arm_control/build/dummy2_arm_moveit_config': CMAKE_PREFIX_PATH=${CMAKE_PREFIX_PATH}:/opt/ros/humble /usr/bin/cmake --build /home/feng/dual_arm_control/build/dummy2_arm_moveit_config -- -j32 -l32
[0.444s] Invoked command in '/home/feng/dual_arm_control/build/dummy2_arm_moveit_config' returned '0': CMAKE_PREFIX_PATH=${CMAKE_PREFIX_PATH}:/opt/ros/humble /usr/bin/cmake --build /home/feng/dual_arm_control/build/dummy2_arm_moveit_config -- -j32 -l32
[0.450s] Invoking command in '/home/feng/dual_arm_control/build/dummy2_arm_moveit_config': CMAKE_PREFIX_PATH=${CMAKE_PREFIX_PATH}:/opt/ros/humble /usr/bin/cmake --install /home/feng/dual_arm_control/build/dummy2_arm_moveit_config
[0.454s] -- Install configuration: ""
[0.454s] -- Installing: /home/feng/dual_arm_control/install/dummy2_arm_moveit_config/share/ament_index/resource_index/package_run_dependencies/dummy2_arm_moveit_config
[0.454s] -- Installing: /home/feng/dual_arm_control/install/dummy2_arm_moveit_config/share/ament_index/resource_index/parent_prefix_path/dummy2_arm_moveit_config
[0.455s] -- Installing: /home/feng/dual_arm_control/install/dummy2_arm_moveit_config/share/dummy2_arm_moveit_config/environment/ament_prefix_path.sh
[0.455s] -- Installing: /home/feng/dual_arm_control/install/dummy2_arm_moveit_config/share/dummy2_arm_moveit_config/environment/ament_prefix_path.dsv
[0.455s] -- Installing: /home/feng/dual_arm_control/install/dummy2_arm_moveit_config/share/dummy2_arm_moveit_config/environment/path.sh
[0.455s] -- Installing: /home/feng/dual_arm_control/install/dummy2_arm_moveit_config/share/dummy2_arm_moveit_config/environment/path.dsv
[0.455s] -- Installing: /home/feng/dual_arm_control/install/dummy2_arm_moveit_config/share/dummy2_arm_moveit_config/local_setup.bash
[0.455s] -- Installing: /home/feng/dual_arm_control/install/dummy2_arm_moveit_config/share/dummy2_arm_moveit_config/local_setup.sh
[0.455s] -- Installing: /home/feng/dual_arm_control/install/dummy2_arm_moveit_config/share/dummy2_arm_moveit_config/local_setup.zsh
[0.455s] -- Installing: /home/feng/dual_arm_control/install/dummy2_arm_moveit_config/share/dummy2_arm_moveit_config/local_setup.dsv
[0.455s] -- Installing: /home/feng/dual_arm_control/install/dummy2_arm_moveit_config/share/dummy2_arm_moveit_config/package.dsv
[0.455s] -- Installing: /home/feng/dual_arm_control/install/dummy2_arm_moveit_config/share/ament_index/resource_index/packages/dummy2_arm_moveit_config
[0.455s] -- Installing: /home/feng/dual_arm_control/install/dummy2_arm_moveit_config/share/dummy2_arm_moveit_config/cmake/dummy2_arm_moveit_configConfig.cmake
[0.455s] -- Installing: /home/feng/dual_arm_control/install/dummy2_arm_moveit_config/share/dummy2_arm_moveit_config/cmake/dummy2_arm_moveit_configConfig-version.cmake
[0.455s] -- Installing: /home/feng/dual_arm_control/install/dummy2_arm_moveit_config/share/dummy2_arm_moveit_config/package.xml
[0.456s] Invoked command in '/home/feng/dual_arm_control/build/dummy2_arm_moveit_config' returned '0': CMAKE_PREFIX_PATH=${CMAKE_PREFIX_PATH}:/opt/ros/humble /usr/bin/cmake --install /home/feng/dual_arm_control/build/dummy2_arm_moveit_config
