[0.006s] Invoking command in '/home/feng/dual_arm_control/build/dummy2_arm_moveit_config': CMAKE_PREFIX_PATH=${CMAKE_PREFIX_PATH}:/opt/ros/humble /usr/bin/cmake --build /home/feng/dual_arm_control/build/dummy2_arm_moveit_config -- -j32 -l32
[0.023s] -- Found ament_cmake: 1.3.12 (/opt/ros/humble/share/ament_cmake/cmake)
[0.120s] -- Configuring done
[0.121s] -- Generating done
[0.122s] -- Build files have been written to: /home/feng/dual_arm_control/build/dummy2_arm_moveit_config
[0.137s] Invoked command in '/home/feng/dual_arm_control/build/dummy2_arm_moveit_config' returned '0': CMAKE_PREFIX_PATH=${CMAKE_PREFIX_PATH}:/opt/ros/humble /usr/bin/cmake --build /home/feng/dual_arm_control/build/dummy2_arm_moveit_config -- -j32 -l32
[0.143s] Invoking command in '/home/feng/dual_arm_control/build/dummy2_arm_moveit_config': CMAKE_PREFIX_PATH=${CMAKE_PREFIX_PATH}:/opt/ros/humble /usr/bin/cmake --install /home/feng/dual_arm_control/build/dummy2_arm_moveit_config
[0.147s] -- Install configuration: ""
[0.147s] -- Up-to-date: /home/feng/dual_arm_control/install/dummy2_arm_moveit_config/share/ament_index/resource_index/package_run_dependencies/dummy2_arm_moveit_config
[0.147s] -- Up-to-date: /home/feng/dual_arm_control/install/dummy2_arm_moveit_config/share/ament_index/resource_index/parent_prefix_path/dummy2_arm_moveit_config
[0.147s] -- Up-to-date: /home/feng/dual_arm_control/install/dummy2_arm_moveit_config/share/dummy2_arm_moveit_config/environment/ament_prefix_path.sh
[0.147s] -- Installing: /home/feng/dual_arm_control/install/dummy2_arm_moveit_config/share/dummy2_arm_moveit_config/environment/ament_prefix_path.dsv
[0.147s] -- Up-to-date: /home/feng/dual_arm_control/install/dummy2_arm_moveit_config/share/dummy2_arm_moveit_config/environment/path.sh
[0.147s] -- Installing: /home/feng/dual_arm_control/install/dummy2_arm_moveit_config/share/dummy2_arm_moveit_config/environment/path.dsv
[0.147s] -- Up-to-date: /home/feng/dual_arm_control/install/dummy2_arm_moveit_config/share/dummy2_arm_moveit_config/local_setup.bash
[0.147s] -- Up-to-date: /home/feng/dual_arm_control/install/dummy2_arm_moveit_config/share/dummy2_arm_moveit_config/local_setup.sh
[0.147s] -- Up-to-date: /home/feng/dual_arm_control/install/dummy2_arm_moveit_config/share/dummy2_arm_moveit_config/local_setup.zsh
[0.147s] -- Installing: /home/feng/dual_arm_control/install/dummy2_arm_moveit_config/share/dummy2_arm_moveit_config/local_setup.dsv
[0.147s] -- Installing: /home/feng/dual_arm_control/install/dummy2_arm_moveit_config/share/dummy2_arm_moveit_config/package.dsv
[0.147s] -- Up-to-date: /home/feng/dual_arm_control/install/dummy2_arm_moveit_config/share/ament_index/resource_index/packages/dummy2_arm_moveit_config
[0.147s] -- Up-to-date: /home/feng/dual_arm_control/install/dummy2_arm_moveit_config/share/dummy2_arm_moveit_config/cmake/dummy2_arm_moveit_configConfig.cmake
[0.147s] -- Up-to-date: /home/feng/dual_arm_control/install/dummy2_arm_moveit_config/share/dummy2_arm_moveit_config/cmake/dummy2_arm_moveit_configConfig-version.cmake
[0.147s] -- Installing: /home/feng/dual_arm_control/install/dummy2_arm_moveit_config/share/dummy2_arm_moveit_config/package.xml
[0.147s] -- Up-to-date: /home/feng/dual_arm_control/install/dummy2_arm_moveit_config/share/dummy2_arm_moveit_config/launch
[0.147s] -- Installing: /home/feng/dual_arm_control/install/dummy2_arm_moveit_config/share/dummy2_arm_moveit_config/launch/static_virtual_joint_tfs.launch.py
[0.147s] -- Installing: /home/feng/dual_arm_control/install/dummy2_arm_moveit_config/share/dummy2_arm_moveit_config/launch/rsp.launch.py
[0.147s] -- Installing: /home/feng/dual_arm_control/install/dummy2_arm_moveit_config/share/dummy2_arm_moveit_config/launch/moveit_rviz.launch.py
[0.147s] -- Installing: /home/feng/dual_arm_control/install/dummy2_arm_moveit_config/share/dummy2_arm_moveit_config/launch/spawn_controllers.launch.py
[0.148s] -- Installing: /home/feng/dual_arm_control/install/dummy2_arm_moveit_config/share/dummy2_arm_moveit_config/launch/setup_assistant.launch.py
[0.148s] -- Installing: /home/feng/dual_arm_control/install/dummy2_arm_moveit_config/share/dummy2_arm_moveit_config/launch/move_group.launch.py
[0.148s] -- Installing: /home/feng/dual_arm_control/install/dummy2_arm_moveit_config/share/dummy2_arm_moveit_config/launch/demo.launch.py
[0.148s] -- Installing: /home/feng/dual_arm_control/install/dummy2_arm_moveit_config/share/dummy2_arm_moveit_config/launch/warehouse_db.launch.py
[0.148s] -- Up-to-date: /home/feng/dual_arm_control/install/dummy2_arm_moveit_config/share/dummy2_arm_moveit_config/config
[0.148s] -- Installing: /home/feng/dual_arm_control/install/dummy2_arm_moveit_config/share/dummy2_arm_moveit_config/config/dummy2-dual-gripperv2.srdf
[0.148s] -- Installing: /home/feng/dual_arm_control/install/dummy2_arm_moveit_config/share/dummy2_arm_moveit_config/config/pilz_cartesian_limits.yaml
[0.148s] -- Installing: /home/feng/dual_arm_control/install/dummy2_arm_moveit_config/share/dummy2_arm_moveit_config/config/joint_limits.yaml
[0.148s] -- Installing: /home/feng/dual_arm_control/install/dummy2_arm_moveit_config/share/dummy2_arm_moveit_config/config/moveit.rviz
[0.148s] -- Installing: /home/feng/dual_arm_control/install/dummy2_arm_moveit_config/share/dummy2_arm_moveit_config/config/initial_positions.yaml
[0.148s] -- Installing: /home/feng/dual_arm_control/install/dummy2_arm_moveit_config/share/dummy2_arm_moveit_config/config/sensors_3d.yaml
[0.148s] -- Installing: /home/feng/dual_arm_control/install/dummy2_arm_moveit_config/share/dummy2_arm_moveit_config/config/moveit_controllers.yaml
[0.148s] -- Installing: /home/feng/dual_arm_control/install/dummy2_arm_moveit_config/share/dummy2_arm_moveit_config/config/ros2_controllers.yaml
[0.148s] -- Installing: /home/feng/dual_arm_control/install/dummy2_arm_moveit_config/share/dummy2_arm_moveit_config/config/dummy2-dual-gripperv2.ros2_control.xacro
[0.148s] -- Installing: /home/feng/dual_arm_control/install/dummy2_arm_moveit_config/share/dummy2_arm_moveit_config/config/dummy2-dual-gripperv2.urdf.xacro
[0.148s] -- Installing: /home/feng/dual_arm_control/install/dummy2_arm_moveit_config/share/dummy2_arm_moveit_config/config/kinematics.yaml
[0.148s] -- Installing: /home/feng/dual_arm_control/install/dummy2_arm_moveit_config/share/dummy2_arm_moveit_config/.setup_assistant
[0.149s] Invoked command in '/home/feng/dual_arm_control/build/dummy2_arm_moveit_config' returned '0': CMAKE_PREFIX_PATH=${CMAKE_PREFIX_PATH}:/opt/ros/humble /usr/bin/cmake --install /home/feng/dual_arm_control/build/dummy2_arm_moveit_config
