[0.120s] DEBUG:colcon:Command line arguments: ['/usr/bin/colcon', 'build']
[0.120s] DEBUG:colcon:Parsed command line arguments: Namespace(log_base=None, log_level=None, verb_name='build', build_base='build', install_base='install', merge_install=False, symlink_install=False, test_result_base=None, continue_on_error=False, executor='parallel', parallel_workers=32, event_handlers=None, ignore_user_meta=False, metas=['./colcon.meta'], base_paths=['.'], packages_ignore=None, packages_ignore_regex=None, paths=None, packages_up_to=None, packages_up_to_regex=None, packages_above=None, packages_above_and_dependencies=None, packages_above_depth=None, packages_select_by_dep=None, packages_skip_by_dep=None, packages_skip_up_to=None, packages_select_build_failed=False, packages_skip_build_finished=False, packages_select_test_failures=False, packages_skip_test_passed=False, packages_select=None, packages_skip=None, packages_select_regex=None, packages_skip_regex=None, packages_start=None, packages_end=None, allow_overriding=[], cmake_args=None, cmake_target=None, cmake_target_skip_unavailable=False, cmake_clean_cache=False, cmake_clean_first=False, cmake_force_configure=False, ament_cmake_args=None, catkin_cmake_args=None, catkin_skip_building_tests=False, mixin_files=None, mixin=None, verb_parser=<colcon_mixin.mixin.mixin_argument.MixinArgumentDecorator object at 0x7539e1d5a1d0>, verb_extension=<colcon_core.verb.build.BuildVerb object at 0x7539e1e5f790>, main=<bound method BuildVerb.main of <colcon_core.verb.build.BuildVerb object at 0x7539e1e5f790>>, mixin_verb=('build',))
[0.279s] Level 1:colcon.colcon_core.package_discovery:discover_packages(colcon_meta) check parameters
[0.280s] Level 1:colcon.colcon_core.package_discovery:discover_packages(recursive) check parameters
[0.280s] Level 1:colcon.colcon_core.package_discovery:discover_packages(ignore) check parameters
[0.280s] Level 1:colcon.colcon_core.package_discovery:discover_packages(path) check parameters
[0.280s] Level 1:colcon.colcon_core.package_discovery:discover_packages(colcon_meta) discover
[0.280s] Level 1:colcon.colcon_core.package_discovery:discover_packages(recursive) discover
[0.280s] INFO:colcon.colcon_core.package_discovery:Crawling recursively for packages in '/home/feng/dual_arm_control'
[0.280s] Level 1:colcon.colcon_core.package_identification:_identify(.) by extensions ['ignore', 'ignore_ament_install']
[0.280s] Level 1:colcon.colcon_core.package_identification:_identify(.) by extension 'ignore'
[0.280s] Level 1:colcon.colcon_core.package_identification:_identify(.) by extension 'ignore_ament_install'
[0.280s] Level 1:colcon.colcon_core.package_identification:_identify(.) by extensions ['colcon_pkg']
[0.280s] Level 1:colcon.colcon_core.package_identification:_identify(.) by extension 'colcon_pkg'
[0.280s] Level 1:colcon.colcon_core.package_identification:_identify(.) by extensions ['colcon_meta']
[0.280s] Level 1:colcon.colcon_core.package_identification:_identify(.) by extension 'colcon_meta'
[0.280s] Level 1:colcon.colcon_core.package_identification:_identify(.) by extensions ['ros']
[0.280s] Level 1:colcon.colcon_core.package_identification:_identify(.) by extension 'ros'
[0.293s] Level 1:colcon.colcon_core.package_identification:_identify(.) by extensions ['cmake', 'python']
[0.293s] Level 1:colcon.colcon_core.package_identification:_identify(.) by extension 'cmake'
[0.293s] Level 1:colcon.colcon_core.package_identification:_identify(.) by extension 'python'
[0.294s] Level 1:colcon.colcon_core.package_identification:_identify(.) by extensions ['python_setup_py']
[0.294s] Level 1:colcon.colcon_core.package_identification:_identify(.) by extension 'python_setup_py'
[0.294s] Level 1:colcon.colcon_core.package_identification:_identify(build) by extensions ['ignore', 'ignore_ament_install']
[0.294s] Level 1:colcon.colcon_core.package_identification:_identify(build) by extension 'ignore'
[0.294s] Level 1:colcon.colcon_core.package_identification:_identify(build) ignored
[0.294s] Level 1:colcon.colcon_core.package_identification:_identify(install) by extensions ['ignore', 'ignore_ament_install']
[0.294s] Level 1:colcon.colcon_core.package_identification:_identify(install) by extension 'ignore'
[0.294s] Level 1:colcon.colcon_core.package_identification:_identify(install) ignored
[0.294s] Level 1:colcon.colcon_core.package_identification:_identify(log) by extensions ['ignore', 'ignore_ament_install']
[0.294s] Level 1:colcon.colcon_core.package_identification:_identify(log) by extension 'ignore'
[0.294s] Level 1:colcon.colcon_core.package_identification:_identify(log) ignored
[0.294s] Level 1:colcon.colcon_core.package_identification:_identify(src) by extensions ['ignore', 'ignore_ament_install']
[0.294s] Level 1:colcon.colcon_core.package_identification:_identify(src) by extension 'ignore'
[0.294s] Level 1:colcon.colcon_core.package_identification:_identify(src) by extension 'ignore_ament_install'
[0.295s] Level 1:colcon.colcon_core.package_identification:_identify(src) by extensions ['colcon_pkg']
[0.295s] Level 1:colcon.colcon_core.package_identification:_identify(src) by extension 'colcon_pkg'
[0.295s] Level 1:colcon.colcon_core.package_identification:_identify(src) by extensions ['colcon_meta']
[0.295s] Level 1:colcon.colcon_core.package_identification:_identify(src) by extension 'colcon_meta'
[0.295s] Level 1:colcon.colcon_core.package_identification:_identify(src) by extensions ['ros']
[0.295s] Level 1:colcon.colcon_core.package_identification:_identify(src) by extension 'ros'
[0.295s] Level 1:colcon.colcon_core.package_identification:_identify(src) by extensions ['cmake', 'python']
[0.295s] Level 1:colcon.colcon_core.package_identification:_identify(src) by extension 'cmake'
[0.295s] Level 1:colcon.colcon_core.package_identification:_identify(src) by extension 'python'
[0.295s] Level 1:colcon.colcon_core.package_identification:_identify(src) by extensions ['python_setup_py']
[0.295s] Level 1:colcon.colcon_core.package_identification:_identify(src) by extension 'python_setup_py'
[0.295s] Level 1:colcon.colcon_core.package_identification:_identify(src/dual_arm_controller) by extensions ['ignore', 'ignore_ament_install']
[0.295s] Level 1:colcon.colcon_core.package_identification:_identify(src/dual_arm_controller) by extension 'ignore'
[0.295s] Level 1:colcon.colcon_core.package_identification:_identify(src/dual_arm_controller) by extension 'ignore_ament_install'
[0.295s] Level 1:colcon.colcon_core.package_identification:_identify(src/dual_arm_controller) by extensions ['colcon_pkg']
[0.295s] Level 1:colcon.colcon_core.package_identification:_identify(src/dual_arm_controller) by extension 'colcon_pkg'
[0.295s] Level 1:colcon.colcon_core.package_identification:_identify(src/dual_arm_controller) by extensions ['colcon_meta']
[0.295s] Level 1:colcon.colcon_core.package_identification:_identify(src/dual_arm_controller) by extension 'colcon_meta'
[0.295s] Level 1:colcon.colcon_core.package_identification:_identify(src/dual_arm_controller) by extensions ['ros']
[0.295s] Level 1:colcon.colcon_core.package_identification:_identify(src/dual_arm_controller) by extension 'ros'
[0.299s] DEBUG:colcon.colcon_core.package_identification:Package 'src/dual_arm_controller' with type 'ros.ament_cmake' and name 'dual_arm_controller'
[0.299s] Level 1:colcon.colcon_core.package_identification:_identify(src/dummy2_arm_moveit_config) by extensions ['ignore', 'ignore_ament_install']
[0.299s] Level 1:colcon.colcon_core.package_identification:_identify(src/dummy2_arm_moveit_config) by extension 'ignore'
[0.299s] Level 1:colcon.colcon_core.package_identification:_identify(src/dummy2_arm_moveit_config) by extension 'ignore_ament_install'
[0.299s] Level 1:colcon.colcon_core.package_identification:_identify(src/dummy2_arm_moveit_config) by extensions ['colcon_pkg']
[0.299s] Level 1:colcon.colcon_core.package_identification:_identify(src/dummy2_arm_moveit_config) by extension 'colcon_pkg'
[0.299s] Level 1:colcon.colcon_core.package_identification:_identify(src/dummy2_arm_moveit_config) by extensions ['colcon_meta']
[0.299s] Level 1:colcon.colcon_core.package_identification:_identify(src/dummy2_arm_moveit_config) by extension 'colcon_meta'
[0.299s] Level 1:colcon.colcon_core.package_identification:_identify(src/dummy2_arm_moveit_config) by extensions ['ros']
[0.299s] Level 1:colcon.colcon_core.package_identification:_identify(src/dummy2_arm_moveit_config) by extension 'ros'
[0.300s] DEBUG:colcon.colcon_core.package_identification:Package 'src/dummy2_arm_moveit_config' with type 'ros.ament_cmake' and name 'dummy2_arm_moveit_config'
[0.300s] Level 1:colcon.colcon_core.package_discovery:discover_packages(recursive) using defaults
[0.300s] Level 1:colcon.colcon_core.package_discovery:discover_packages(ignore) discover
[0.300s] Level 1:colcon.colcon_core.package_discovery:discover_packages(ignore) using defaults
[0.301s] Level 1:colcon.colcon_core.package_discovery:discover_packages(path) discover
[0.301s] Level 1:colcon.colcon_core.package_discovery:discover_packages(path) using defaults
[0.332s] Level 1:colcon.colcon_core.package_discovery:discover_packages(prefix_path) check parameters
[0.333s] Level 1:colcon.colcon_core.package_discovery:discover_packages(prefix_path) discover
[0.335s] DEBUG:colcon.colcon_installed_package_information.package_discovery:Found 3 installed packages in /home/feng/zed_ros/install
[0.337s] DEBUG:colcon.colcon_installed_package_information.package_discovery:Found 410 installed packages in /opt/ros/humble
[0.339s] Level 1:colcon.colcon_core.package_discovery:discover_packages(prefix_path) using defaults
[0.395s] Level 5:colcon.colcon_core.verb:set package 'dummy2_arm_moveit_config' build argument 'cmake_args' from command line to 'None'
[0.395s] Level 5:colcon.colcon_core.verb:set package 'dummy2_arm_moveit_config' build argument 'cmake_target' from command line to 'None'
[0.395s] Level 5:colcon.colcon_core.verb:set package 'dummy2_arm_moveit_config' build argument 'cmake_target_skip_unavailable' from command line to 'False'
[0.395s] Level 5:colcon.colcon_core.verb:set package 'dummy2_arm_moveit_config' build argument 'cmake_clean_cache' from command line to 'False'
[0.395s] Level 5:colcon.colcon_core.verb:set package 'dummy2_arm_moveit_config' build argument 'cmake_clean_first' from command line to 'False'
[0.395s] Level 5:colcon.colcon_core.verb:set package 'dummy2_arm_moveit_config' build argument 'cmake_force_configure' from command line to 'False'
[0.395s] Level 5:colcon.colcon_core.verb:set package 'dummy2_arm_moveit_config' build argument 'ament_cmake_args' from command line to 'None'
[0.395s] Level 5:colcon.colcon_core.verb:set package 'dummy2_arm_moveit_config' build argument 'catkin_cmake_args' from command line to 'None'
[0.395s] Level 5:colcon.colcon_core.verb:set package 'dummy2_arm_moveit_config' build argument 'catkin_skip_building_tests' from command line to 'False'
[0.395s] DEBUG:colcon.colcon_core.verb:Building package 'dummy2_arm_moveit_config' with the following arguments: {'ament_cmake_args': None, 'build_base': '/home/feng/dual_arm_control/build/dummy2_arm_moveit_config', 'catkin_cmake_args': None, 'catkin_skip_building_tests': False, 'cmake_args': None, 'cmake_clean_cache': False, 'cmake_clean_first': False, 'cmake_force_configure': False, 'cmake_target': None, 'cmake_target_skip_unavailable': False, 'install_base': '/home/feng/dual_arm_control/install/dummy2_arm_moveit_config', 'merge_install': False, 'path': '/home/feng/dual_arm_control/src/dummy2_arm_moveit_config', 'symlink_install': False, 'test_result_base': None}
[0.396s] Level 5:colcon.colcon_core.verb:set package 'dual_arm_controller' build argument 'cmake_args' from command line to 'None'
[0.396s] Level 5:colcon.colcon_core.verb:set package 'dual_arm_controller' build argument 'cmake_target' from command line to 'None'
[0.396s] Level 5:colcon.colcon_core.verb:set package 'dual_arm_controller' build argument 'cmake_target_skip_unavailable' from command line to 'False'
[0.396s] Level 5:colcon.colcon_core.verb:set package 'dual_arm_controller' build argument 'cmake_clean_cache' from command line to 'False'
[0.396s] Level 5:colcon.colcon_core.verb:set package 'dual_arm_controller' build argument 'cmake_clean_first' from command line to 'False'
[0.396s] Level 5:colcon.colcon_core.verb:set package 'dual_arm_controller' build argument 'cmake_force_configure' from command line to 'False'
[0.396s] Level 5:colcon.colcon_core.verb:set package 'dual_arm_controller' build argument 'ament_cmake_args' from command line to 'None'
[0.396s] Level 5:colcon.colcon_core.verb:set package 'dual_arm_controller' build argument 'catkin_cmake_args' from command line to 'None'
[0.396s] Level 5:colcon.colcon_core.verb:set package 'dual_arm_controller' build argument 'catkin_skip_building_tests' from command line to 'False'
[0.396s] DEBUG:colcon.colcon_core.verb:Building package 'dual_arm_controller' with the following arguments: {'ament_cmake_args': None, 'build_base': '/home/feng/dual_arm_control/build/dual_arm_controller', 'catkin_cmake_args': None, 'catkin_skip_building_tests': False, 'cmake_args': None, 'cmake_clean_cache': False, 'cmake_clean_first': False, 'cmake_force_configure': False, 'cmake_target': None, 'cmake_target_skip_unavailable': False, 'install_base': '/home/feng/dual_arm_control/install/dual_arm_controller', 'merge_install': False, 'path': '/home/feng/dual_arm_control/src/dual_arm_controller', 'symlink_install': False, 'test_result_base': None}
[0.396s] INFO:colcon.colcon_core.executor:Executing jobs using 'parallel' executor
[0.397s] DEBUG:colcon.colcon_parallel_executor.executor.parallel:run_until_complete
[0.398s] INFO:colcon.colcon_ros.task.ament_cmake.build:Building ROS package in '/home/feng/dual_arm_control/src/dummy2_arm_moveit_config' with build type 'ament_cmake'
[0.398s] INFO:colcon.colcon_cmake.task.cmake.build:Building CMake package in '/home/feng/dual_arm_control/src/dummy2_arm_moveit_config'
[0.400s] INFO:colcon.colcon_core.plugin_system:Skipping extension 'colcon_core.shell.bat': Not used on non-Windows systems
[0.400s] INFO:colcon.colcon_core.shell:Skip shell extension 'powershell' for command environment: Not usable outside of PowerShell
[0.400s] DEBUG:colcon.colcon_core.shell:Skip shell extension 'dsv' for command environment
[0.412s] DEBUG:colcon.colcon_core.event_handler.log_command:Invoking command in '/home/feng/dual_arm_control/build/dummy2_arm_moveit_config': CMAKE_PREFIX_PATH=${CMAKE_PREFIX_PATH}:/opt/ros/humble /usr/bin/cmake --build /home/feng/dual_arm_control/build/dummy2_arm_moveit_config -- -j32 -l32
[0.466s] DEBUG:colcon.colcon_core.event_handler.log_command:Invoked command in '/home/feng/dual_arm_control/build/dummy2_arm_moveit_config' returned '0': CMAKE_PREFIX_PATH=${CMAKE_PREFIX_PATH}:/opt/ros/humble /usr/bin/cmake --build /home/feng/dual_arm_control/build/dummy2_arm_moveit_config -- -j32 -l32
[0.479s] DEBUG:colcon.colcon_core.event_handler.log_command:Invoking command in '/home/feng/dual_arm_control/build/dummy2_arm_moveit_config': CMAKE_PREFIX_PATH=${CMAKE_PREFIX_PATH}:/opt/ros/humble /usr/bin/cmake --install /home/feng/dual_arm_control/build/dummy2_arm_moveit_config
[0.495s] Level 1:colcon.colcon_core.environment:create_environment_scripts_only(dummy2_arm_moveit_config)
[0.496s] DEBUG:colcon.colcon_core.event_handler.log_command:Invoked command in '/home/feng/dual_arm_control/build/dummy2_arm_moveit_config' returned '0': CMAKE_PREFIX_PATH=${CMAKE_PREFIX_PATH}:/opt/ros/humble /usr/bin/cmake --install /home/feng/dual_arm_control/build/dummy2_arm_moveit_config
[0.501s] Level 1:colcon.colcon_core.environment:checking '/home/feng/dual_arm_control/install/dummy2_arm_moveit_config' for CMake module files
[0.501s] Level 1:colcon.colcon_core.environment:checking '/home/feng/dual_arm_control/install/dummy2_arm_moveit_config' for CMake config files
[0.501s] Level 1:colcon.colcon_core.shell:create_environment_hook('dummy2_arm_moveit_config', 'cmake_prefix_path')
[0.502s] INFO:colcon.colcon_core.shell:Creating environment hook '/home/feng/dual_arm_control/install/dummy2_arm_moveit_config/share/dummy2_arm_moveit_config/hook/cmake_prefix_path.ps1'
[0.503s] INFO:colcon.colcon_core.shell:Creating environment descriptor '/home/feng/dual_arm_control/install/dummy2_arm_moveit_config/share/dummy2_arm_moveit_config/hook/cmake_prefix_path.dsv'
[0.503s] INFO:colcon.colcon_core.shell:Creating environment hook '/home/feng/dual_arm_control/install/dummy2_arm_moveit_config/share/dummy2_arm_moveit_config/hook/cmake_prefix_path.sh'
[0.504s] Level 1:colcon.colcon_core.environment:checking '/home/feng/dual_arm_control/install/dummy2_arm_moveit_config/bin'
[0.504s] Level 1:colcon.colcon_core.environment:checking '/home/feng/dual_arm_control/install/dummy2_arm_moveit_config/lib/pkgconfig/dummy2_arm_moveit_config.pc'
[0.505s] Level 1:colcon.colcon_core.environment:checking '/home/feng/dual_arm_control/install/dummy2_arm_moveit_config/lib/python3.10/site-packages'
[0.505s] Level 1:colcon.colcon_core.environment:checking '/home/feng/dual_arm_control/install/dummy2_arm_moveit_config/bin'
[0.505s] INFO:colcon.colcon_core.shell:Creating package script '/home/feng/dual_arm_control/install/dummy2_arm_moveit_config/share/dummy2_arm_moveit_config/package.ps1'
[0.507s] INFO:colcon.colcon_core.shell:Creating package descriptor '/home/feng/dual_arm_control/install/dummy2_arm_moveit_config/share/dummy2_arm_moveit_config/package.dsv'
[0.508s] INFO:colcon.colcon_core.shell:Creating package script '/home/feng/dual_arm_control/install/dummy2_arm_moveit_config/share/dummy2_arm_moveit_config/package.sh'
[0.510s] INFO:colcon.colcon_core.shell:Creating package script '/home/feng/dual_arm_control/install/dummy2_arm_moveit_config/share/dummy2_arm_moveit_config/package.bash'
[0.511s] INFO:colcon.colcon_core.shell:Creating package script '/home/feng/dual_arm_control/install/dummy2_arm_moveit_config/share/dummy2_arm_moveit_config/package.zsh'
[0.511s] Level 1:colcon.colcon_core.environment:create_file_with_runtime_dependencies(/home/feng/dual_arm_control/install/dummy2_arm_moveit_config/share/colcon-core/packages/dummy2_arm_moveit_config)
[0.512s] Level 1:colcon.colcon_core.environment:create_environment_scripts_only(dummy2_arm_moveit_config)
[0.512s] Level 1:colcon.colcon_core.environment:checking '/home/feng/dual_arm_control/install/dummy2_arm_moveit_config' for CMake module files
[0.513s] Level 1:colcon.colcon_core.environment:checking '/home/feng/dual_arm_control/install/dummy2_arm_moveit_config' for CMake config files
[0.513s] Level 1:colcon.colcon_core.shell:create_environment_hook('dummy2_arm_moveit_config', 'cmake_prefix_path')
[0.513s] INFO:colcon.colcon_core.shell:Creating environment hook '/home/feng/dual_arm_control/install/dummy2_arm_moveit_config/share/dummy2_arm_moveit_config/hook/cmake_prefix_path.ps1'
[0.514s] INFO:colcon.colcon_core.shell:Creating environment descriptor '/home/feng/dual_arm_control/install/dummy2_arm_moveit_config/share/dummy2_arm_moveit_config/hook/cmake_prefix_path.dsv'
[0.514s] INFO:colcon.colcon_core.shell:Creating environment hook '/home/feng/dual_arm_control/install/dummy2_arm_moveit_config/share/dummy2_arm_moveit_config/hook/cmake_prefix_path.sh'
[0.515s] Level 1:colcon.colcon_core.environment:checking '/home/feng/dual_arm_control/install/dummy2_arm_moveit_config/bin'
[0.515s] Level 1:colcon.colcon_core.environment:checking '/home/feng/dual_arm_control/install/dummy2_arm_moveit_config/lib/pkgconfig/dummy2_arm_moveit_config.pc'
[0.515s] Level 1:colcon.colcon_core.environment:checking '/home/feng/dual_arm_control/install/dummy2_arm_moveit_config/lib/python3.10/site-packages'
[0.516s] Level 1:colcon.colcon_core.environment:checking '/home/feng/dual_arm_control/install/dummy2_arm_moveit_config/bin'
[0.516s] INFO:colcon.colcon_core.shell:Creating package script '/home/feng/dual_arm_control/install/dummy2_arm_moveit_config/share/dummy2_arm_moveit_config/package.ps1'
[0.517s] INFO:colcon.colcon_core.shell:Creating package descriptor '/home/feng/dual_arm_control/install/dummy2_arm_moveit_config/share/dummy2_arm_moveit_config/package.dsv'
[0.517s] INFO:colcon.colcon_core.shell:Creating package script '/home/feng/dual_arm_control/install/dummy2_arm_moveit_config/share/dummy2_arm_moveit_config/package.sh'
[0.518s] INFO:colcon.colcon_core.shell:Creating package script '/home/feng/dual_arm_control/install/dummy2_arm_moveit_config/share/dummy2_arm_moveit_config/package.bash'
[0.519s] INFO:colcon.colcon_core.shell:Creating package script '/home/feng/dual_arm_control/install/dummy2_arm_moveit_config/share/dummy2_arm_moveit_config/package.zsh'
[0.519s] Level 1:colcon.colcon_core.environment:create_file_with_runtime_dependencies(/home/feng/dual_arm_control/install/dummy2_arm_moveit_config/share/colcon-core/packages/dummy2_arm_moveit_config)
[0.520s] INFO:colcon.colcon_ros.task.ament_cmake.build:Building ROS package in '/home/feng/dual_arm_control/src/dual_arm_controller' with build type 'ament_cmake'
[0.520s] INFO:colcon.colcon_cmake.task.cmake.build:Building CMake package in '/home/feng/dual_arm_control/src/dual_arm_controller'
[0.520s] INFO:colcon.colcon_core.shell:Skip shell extension 'powershell' for command environment: Not usable outside of PowerShell
[0.520s] DEBUG:colcon.colcon_core.shell:Skip shell extension 'dsv' for command environment
[0.535s] DEBUG:colcon.colcon_core.event_handler.log_command:Invoking command in '/home/feng/dual_arm_control/build/dual_arm_controller': AMENT_PREFIX_PATH=/home/feng/dual_arm_control/install/dummy2_arm_moveit_config:${AMENT_PREFIX_PATH} CMAKE_PREFIX_PATH=/home/feng/dual_arm_control/install/dummy2_arm_moveit_config:/home/feng/zed_ros/install/zed_ros2:/home/feng/zed_ros/install/zed_wrapper:/home/feng/zed_ros/install/zed_components:/opt/ros/humble /usr/bin/cmake --build /home/feng/dual_arm_control/build/dual_arm_controller -- -j32 -l32
[9.737s] DEBUG:colcon.colcon_core.event_handler.log_command:Invoked command in '/home/feng/dual_arm_control/build/dual_arm_controller' returned '0': AMENT_PREFIX_PATH=/home/feng/dual_arm_control/install/dummy2_arm_moveit_config:${AMENT_PREFIX_PATH} CMAKE_PREFIX_PATH=/home/feng/dual_arm_control/install/dummy2_arm_moveit_config:/home/feng/zed_ros/install/zed_ros2:/home/feng/zed_ros/install/zed_wrapper:/home/feng/zed_ros/install/zed_components:/opt/ros/humble /usr/bin/cmake --build /home/feng/dual_arm_control/build/dual_arm_controller -- -j32 -l32
[9.740s] DEBUG:colcon.colcon_core.event_handler.log_command:Invoking command in '/home/feng/dual_arm_control/build/dual_arm_controller': AMENT_PREFIX_PATH=/home/feng/dual_arm_control/install/dummy2_arm_moveit_config:${AMENT_PREFIX_PATH} CMAKE_PREFIX_PATH=/home/feng/dual_arm_control/install/dummy2_arm_moveit_config:/home/feng/zed_ros/install/zed_ros2:/home/feng/zed_ros/install/zed_wrapper:/home/feng/zed_ros/install/zed_components:/opt/ros/humble /usr/bin/cmake --install /home/feng/dual_arm_control/build/dual_arm_controller
[9.757s] Level 1:colcon.colcon_core.environment:create_environment_scripts_only(dual_arm_controller)
[9.758s] DEBUG:colcon.colcon_core.event_handler.log_command:Invoked command in '/home/feng/dual_arm_control/build/dual_arm_controller' returned '0': AMENT_PREFIX_PATH=/home/feng/dual_arm_control/install/dummy2_arm_moveit_config:${AMENT_PREFIX_PATH} CMAKE_PREFIX_PATH=/home/feng/dual_arm_control/install/dummy2_arm_moveit_config:/home/feng/zed_ros/install/zed_ros2:/home/feng/zed_ros/install/zed_wrapper:/home/feng/zed_ros/install/zed_components:/opt/ros/humble /usr/bin/cmake --install /home/feng/dual_arm_control/build/dual_arm_controller
[9.759s] Level 1:colcon.colcon_core.environment:checking '/home/feng/dual_arm_control/install/dual_arm_controller' for CMake module files
[9.760s] Level 1:colcon.colcon_core.environment:checking '/home/feng/dual_arm_control/install/dual_arm_controller' for CMake config files
[9.760s] Level 1:colcon.colcon_core.shell:create_environment_hook('dual_arm_controller', 'cmake_prefix_path')
[9.761s] INFO:colcon.colcon_core.shell:Creating environment hook '/home/feng/dual_arm_control/install/dual_arm_controller/share/dual_arm_controller/hook/cmake_prefix_path.ps1'
[9.762s] INFO:colcon.colcon_core.shell:Creating environment descriptor '/home/feng/dual_arm_control/install/dual_arm_controller/share/dual_arm_controller/hook/cmake_prefix_path.dsv'
[9.762s] INFO:colcon.colcon_core.shell:Creating environment hook '/home/feng/dual_arm_control/install/dual_arm_controller/share/dual_arm_controller/hook/cmake_prefix_path.sh'
[9.763s] Level 1:colcon.colcon_core.environment:checking '/home/feng/dual_arm_control/install/dual_arm_controller/lib'
[9.764s] Level 1:colcon.colcon_core.environment:checking '/home/feng/dual_arm_control/install/dual_arm_controller/bin'
[9.764s] Level 1:colcon.colcon_core.environment:checking '/home/feng/dual_arm_control/install/dual_arm_controller/lib/pkgconfig/dual_arm_controller.pc'
[9.764s] Level 1:colcon.colcon_core.environment:checking '/home/feng/dual_arm_control/install/dual_arm_controller/lib/python3.10/site-packages'
[9.765s] Level 1:colcon.colcon_core.environment:checking '/home/feng/dual_arm_control/install/dual_arm_controller/bin'
[9.765s] INFO:colcon.colcon_core.shell:Creating package script '/home/feng/dual_arm_control/install/dual_arm_controller/share/dual_arm_controller/package.ps1'
[9.766s] INFO:colcon.colcon_core.shell:Creating package descriptor '/home/feng/dual_arm_control/install/dual_arm_controller/share/dual_arm_controller/package.dsv'
[9.766s] INFO:colcon.colcon_core.shell:Creating package script '/home/feng/dual_arm_control/install/dual_arm_controller/share/dual_arm_controller/package.sh'
[9.767s] INFO:colcon.colcon_core.shell:Creating package script '/home/feng/dual_arm_control/install/dual_arm_controller/share/dual_arm_controller/package.bash'
[9.767s] INFO:colcon.colcon_core.shell:Creating package script '/home/feng/dual_arm_control/install/dual_arm_controller/share/dual_arm_controller/package.zsh'
[9.768s] Level 1:colcon.colcon_core.environment:create_file_with_runtime_dependencies(/home/feng/dual_arm_control/install/dual_arm_controller/share/colcon-core/packages/dual_arm_controller)
[9.768s] Level 1:colcon.colcon_core.environment:create_environment_scripts_only(dual_arm_controller)
[9.769s] Level 1:colcon.colcon_core.environment:checking '/home/feng/dual_arm_control/install/dual_arm_controller' for CMake module files
[9.769s] Level 1:colcon.colcon_core.environment:checking '/home/feng/dual_arm_control/install/dual_arm_controller' for CMake config files
[9.770s] Level 1:colcon.colcon_core.shell:create_environment_hook('dual_arm_controller', 'cmake_prefix_path')
[9.770s] INFO:colcon.colcon_core.shell:Creating environment hook '/home/feng/dual_arm_control/install/dual_arm_controller/share/dual_arm_controller/hook/cmake_prefix_path.ps1'
[9.770s] INFO:colcon.colcon_core.shell:Creating environment descriptor '/home/feng/dual_arm_control/install/dual_arm_controller/share/dual_arm_controller/hook/cmake_prefix_path.dsv'
[9.771s] INFO:colcon.colcon_core.shell:Creating environment hook '/home/feng/dual_arm_control/install/dual_arm_controller/share/dual_arm_controller/hook/cmake_prefix_path.sh'
[9.771s] Level 1:colcon.colcon_core.environment:checking '/home/feng/dual_arm_control/install/dual_arm_controller/lib'
[9.772s] Level 1:colcon.colcon_core.environment:checking '/home/feng/dual_arm_control/install/dual_arm_controller/bin'
[9.772s] Level 1:colcon.colcon_core.environment:checking '/home/feng/dual_arm_control/install/dual_arm_controller/lib/pkgconfig/dual_arm_controller.pc'
[9.772s] Level 1:colcon.colcon_core.environment:checking '/home/feng/dual_arm_control/install/dual_arm_controller/lib/python3.10/site-packages'
[9.772s] Level 1:colcon.colcon_core.environment:checking '/home/feng/dual_arm_control/install/dual_arm_controller/bin'
[9.773s] INFO:colcon.colcon_core.shell:Creating package script '/home/feng/dual_arm_control/install/dual_arm_controller/share/dual_arm_controller/package.ps1'
[9.773s] INFO:colcon.colcon_core.shell:Creating package descriptor '/home/feng/dual_arm_control/install/dual_arm_controller/share/dual_arm_controller/package.dsv'
[9.774s] INFO:colcon.colcon_core.shell:Creating package script '/home/feng/dual_arm_control/install/dual_arm_controller/share/dual_arm_controller/package.sh'
[9.774s] INFO:colcon.colcon_core.shell:Creating package script '/home/feng/dual_arm_control/install/dual_arm_controller/share/dual_arm_controller/package.bash'
[9.775s] INFO:colcon.colcon_core.shell:Creating package script '/home/feng/dual_arm_control/install/dual_arm_controller/share/dual_arm_controller/package.zsh'
[9.776s] Level 1:colcon.colcon_core.environment:create_file_with_runtime_dependencies(/home/feng/dual_arm_control/install/dual_arm_controller/share/colcon-core/packages/dual_arm_controller)
[9.776s] DEBUG:colcon.colcon_parallel_executor.executor.parallel:closing loop
[9.776s] DEBUG:colcon.colcon_parallel_executor.executor.parallel:loop closed
[9.776s] DEBUG:colcon.colcon_parallel_executor.executor.parallel:run_until_complete finished with '0'
[9.776s] DEBUG:colcon.colcon_core.event_reactor:joining thread
[9.784s] INFO:colcon.colcon_core.plugin_system:Skipping extension 'colcon_notification.desktop_notification.terminal_notifier': Not used on non-Darwin systems
[9.784s] INFO:colcon.colcon_core.plugin_system:Skipping extension 'colcon_notification.desktop_notification.win32': Not used on non-Windows systems
[9.784s] INFO:colcon.colcon_notification.desktop_notification:Sending desktop notification using 'notify2'
[9.818s] DEBUG:colcon.colcon_core.event_reactor:joined thread
[9.819s] INFO:colcon.colcon_core.shell:Creating prefix script '/home/feng/dual_arm_control/install/local_setup.ps1'
[9.821s] INFO:colcon.colcon_core.shell:Creating prefix util module '/home/feng/dual_arm_control/install/_local_setup_util_ps1.py'
[9.823s] INFO:colcon.colcon_core.shell:Creating prefix chain script '/home/feng/dual_arm_control/install/setup.ps1'
[9.824s] INFO:colcon.colcon_core.shell:Creating prefix script '/home/feng/dual_arm_control/install/local_setup.sh'
[9.825s] INFO:colcon.colcon_core.shell:Creating prefix util module '/home/feng/dual_arm_control/install/_local_setup_util_sh.py'
[9.826s] INFO:colcon.colcon_core.shell:Creating prefix chain script '/home/feng/dual_arm_control/install/setup.sh'
[9.827s] INFO:colcon.colcon_core.shell:Creating prefix script '/home/feng/dual_arm_control/install/local_setup.bash'
[9.828s] INFO:colcon.colcon_core.shell:Creating prefix chain script '/home/feng/dual_arm_control/install/setup.bash'
[9.829s] INFO:colcon.colcon_core.shell:Creating prefix script '/home/feng/dual_arm_control/install/local_setup.zsh'
[9.830s] INFO:colcon.colcon_core.shell:Creating prefix chain script '/home/feng/dual_arm_control/install/setup.zsh'
