[0.067s] DEBUG:colcon:Command line arguments: ['/usr/bin/colcon', 'list', '-p', '--base-paths', '/home/feng/dual_arm_control', '--log-base', '/dev/null']
[0.067s] DEBUG:colcon:Parsed command line arguments: Namespace(log_base=None, log_level=None, verb_name='list', build_base='build', ignore_user_meta=False, metas=['./colcon.meta'], base_paths=['/home/feng/dual_arm_control', '--log-base', '/dev/null'], packages_ignore=None, packages_ignore_regex=None, paths=None, packages_up_to=None, packages_up_to_regex=None, packages_above=None, packages_above_and_dependencies=None, packages_above_depth=None, packages_select_by_dep=None, packages_skip_by_dep=None, packages_skip_up_to=None, packages_select_build_failed=False, packages_skip_build_finished=False, packages_select_test_failures=False, packages_skip_test_passed=False, packages_select=None, packages_skip=None, packages_select_regex=None, packages_skip_regex=None, packages_start=None, packages_end=None, allow_overriding=[], topological_order=False, names_only=False, paths_only=True, topological_graph=False, topological_graph_dot=False, topological_graph_density=False, topological_graph_legend=False, topological_graph_dot_cluster=False, topological_graph_dot_include_skipped=False, mixin_files=None, mixin=None, verb_parser=<colcon_mixin.mixin.mixin_argument.MixinArgumentDecorator object at 0x7f38f8cdab60>, verb_extension=<colcon_package_information.verb.list.ListVerb object at 0x7f38f8cd9900>, main=<bound method ListVerb.main of <colcon_package_information.verb.list.ListVerb object at 0x7f38f8cd9900>>, mixin_verb=('list',))
[0.164s] Level 1:colcon.colcon_core.package_discovery:discover_packages(colcon_meta) check parameters
[0.164s] Level 1:colcon.colcon_core.package_discovery:discover_packages(recursive) check parameters
[0.164s] Level 1:colcon.colcon_core.package_discovery:discover_packages(ignore) check parameters
[0.164s] Level 1:colcon.colcon_core.package_discovery:discover_packages(path) check parameters
[0.164s] Level 1:colcon.colcon_core.package_discovery:discover_packages(recursive) discover
[0.164s] INFO:colcon.colcon_core.package_discovery:Crawling recursively for packages in '/home/feng/dual_arm_control', '/home/feng/dual_arm_control/--log-base', '/dev/null'
[0.164s] Level 1:colcon.colcon_core.package_identification:_identify(/home/feng/dual_arm_control) by extensions ['ignore', 'ignore_ament_install']
[0.164s] Level 1:colcon.colcon_core.package_identification:_identify(/home/feng/dual_arm_control) by extension 'ignore'
[0.164s] Level 1:colcon.colcon_core.package_identification:_identify(/home/feng/dual_arm_control) by extension 'ignore_ament_install'
[0.164s] Level 1:colcon.colcon_core.package_identification:_identify(/home/feng/dual_arm_control) by extensions ['colcon_pkg']
[0.164s] Level 1:colcon.colcon_core.package_identification:_identify(/home/feng/dual_arm_control) by extension 'colcon_pkg'
[0.164s] Level 1:colcon.colcon_core.package_identification:_identify(/home/feng/dual_arm_control) by extensions ['colcon_meta']
[0.164s] Level 1:colcon.colcon_core.package_identification:_identify(/home/feng/dual_arm_control) by extension 'colcon_meta'
[0.164s] Level 1:colcon.colcon_core.package_identification:_identify(/home/feng/dual_arm_control) by extensions ['ros']
[0.164s] Level 1:colcon.colcon_core.package_identification:_identify(/home/feng/dual_arm_control) by extension 'ros'
[0.171s] Level 1:colcon.colcon_core.package_identification:_identify(/home/feng/dual_arm_control) by extensions ['cmake', 'python']
[0.171s] Level 1:colcon.colcon_core.package_identification:_identify(/home/feng/dual_arm_control) by extension 'cmake'
[0.172s] Level 1:colcon.colcon_core.package_identification:_identify(/home/feng/dual_arm_control) by extension 'python'
[0.172s] Level 1:colcon.colcon_core.package_identification:_identify(/home/feng/dual_arm_control) by extensions ['python_setup_py']
[0.172s] Level 1:colcon.colcon_core.package_identification:_identify(/home/feng/dual_arm_control) by extension 'python_setup_py'
[0.172s] Level 1:colcon.colcon_core.package_identification:_identify(/home/feng/dual_arm_control/log) by extensions ['ignore', 'ignore_ament_install']
[0.172s] Level 1:colcon.colcon_core.package_identification:_identify(/home/feng/dual_arm_control/log) by extension 'ignore'
[0.172s] Level 1:colcon.colcon_core.package_identification:_identify(/home/feng/dual_arm_control/log) ignored
[0.172s] Level 1:colcon.colcon_core.package_identification:_identify(/home/feng/dual_arm_control/src) by extensions ['ignore', 'ignore_ament_install']
[0.172s] Level 1:colcon.colcon_core.package_identification:_identify(/home/feng/dual_arm_control/src) by extension 'ignore'
[0.172s] Level 1:colcon.colcon_core.package_identification:_identify(/home/feng/dual_arm_control/src) by extension 'ignore_ament_install'
[0.172s] Level 1:colcon.colcon_core.package_identification:_identify(/home/feng/dual_arm_control/src) by extensions ['colcon_pkg']
[0.172s] Level 1:colcon.colcon_core.package_identification:_identify(/home/feng/dual_arm_control/src) by extension 'colcon_pkg'
[0.172s] Level 1:colcon.colcon_core.package_identification:_identify(/home/feng/dual_arm_control/src) by extensions ['colcon_meta']
[0.172s] Level 1:colcon.colcon_core.package_identification:_identify(/home/feng/dual_arm_control/src) by extension 'colcon_meta'
[0.172s] Level 1:colcon.colcon_core.package_identification:_identify(/home/feng/dual_arm_control/src) by extensions ['ros']
[0.172s] Level 1:colcon.colcon_core.package_identification:_identify(/home/feng/dual_arm_control/src) by extension 'ros'
[0.172s] Level 1:colcon.colcon_core.package_identification:_identify(/home/feng/dual_arm_control/src) by extensions ['cmake', 'python']
[0.172s] Level 1:colcon.colcon_core.package_identification:_identify(/home/feng/dual_arm_control/src) by extension 'cmake'
[0.173s] Level 1:colcon.colcon_core.package_identification:_identify(/home/feng/dual_arm_control/src) by extension 'python'
[0.173s] Level 1:colcon.colcon_core.package_identification:_identify(/home/feng/dual_arm_control/src) by extensions ['python_setup_py']
[0.173s] Level 1:colcon.colcon_core.package_identification:_identify(/home/feng/dual_arm_control/src) by extension 'python_setup_py'
[0.173s] Level 1:colcon.colcon_core.package_identification:_identify(/home/feng/dual_arm_control/src/dummy2_arm_moveit_config) by extensions ['ignore', 'ignore_ament_install']
[0.173s] Level 1:colcon.colcon_core.package_identification:_identify(/home/feng/dual_arm_control/src/dummy2_arm_moveit_config) by extension 'ignore'
[0.173s] Level 1:colcon.colcon_core.package_identification:_identify(/home/feng/dual_arm_control/src/dummy2_arm_moveit_config) by extension 'ignore_ament_install'
[0.173s] Level 1:colcon.colcon_core.package_identification:_identify(/home/feng/dual_arm_control/src/dummy2_arm_moveit_config) by extensions ['colcon_pkg']
[0.173s] Level 1:colcon.colcon_core.package_identification:_identify(/home/feng/dual_arm_control/src/dummy2_arm_moveit_config) by extension 'colcon_pkg'
[0.173s] Level 1:colcon.colcon_core.package_identification:_identify(/home/feng/dual_arm_control/src/dummy2_arm_moveit_config) by extensions ['colcon_meta']
[0.173s] Level 1:colcon.colcon_core.package_identification:_identify(/home/feng/dual_arm_control/src/dummy2_arm_moveit_config) by extension 'colcon_meta'
[0.173s] Level 1:colcon.colcon_core.package_identification:_identify(/home/feng/dual_arm_control/src/dummy2_arm_moveit_config) by extensions ['ros']
[0.173s] Level 1:colcon.colcon_core.package_identification:_identify(/home/feng/dual_arm_control/src/dummy2_arm_moveit_config) by extension 'ros'
[0.175s] DEBUG:colcon.colcon_core.package_identification:Package '/home/feng/dual_arm_control/src/dummy2_arm_moveit_config' with type 'ros.ament_cmake' and name 'dummy2_arm_moveit_config'
[0.175s] Level 1:colcon.colcon_core.package_discovery:discover_packages(recursive) using defaults
