[35m[1mConsolidate compiler generated dependencies of target dual_arm_controller_node[0m
[ 50%] [32mBuilding CXX object CMakeFiles/dual_arm_controller_node.dir/src/dual_arm_controller_node.cpp.o[0m
[100%] [32m[1mLinking CXX executable dual_arm_controller_node[0m
[100%] Built target dual_arm_controller_node
-- Install configuration: ""
-- Installing: /home/feng/dual_arm_control/install/dual_arm_controller/lib/dual_arm_controller/dual_arm_controller_node
-- Set runtime path of "/home/feng/dual_arm_control/install/dual_arm_controller/lib/dual_arm_controller/dual_arm_controller_node" to ""
-- Up-to-date: /home/feng/dual_arm_control/install/dual_arm_controller/share/dual_arm_controller/launch
-- Up-to-date: /home/feng/dual_arm_control/install/dual_arm_controller/share/dual_arm_controller/launch/dual_arm_control.launch.py
-- Up-to-date: /home/feng/dual_arm_control/install/dual_arm_controller/share/ament_index/resource_index/package_run_dependencies/dual_arm_controller
-- Up-to-date: /home/feng/dual_arm_control/install/dual_arm_controller/share/ament_index/resource_index/parent_prefix_path/dual_arm_controller
-- Up-to-date: /home/feng/dual_arm_control/install/dual_arm_controller/share/dual_arm_controller/environment/ament_prefix_path.sh
-- Up-to-date: /home/feng/dual_arm_control/install/dual_arm_controller/share/dual_arm_controller/environment/ament_prefix_path.dsv
-- Up-to-date: /home/feng/dual_arm_control/install/dual_arm_controller/share/dual_arm_controller/environment/path.sh
-- Up-to-date: /home/feng/dual_arm_control/install/dual_arm_controller/share/dual_arm_controller/environment/path.dsv
-- Up-to-date: /home/feng/dual_arm_control/install/dual_arm_controller/share/dual_arm_controller/local_setup.bash
-- Up-to-date: /home/feng/dual_arm_control/install/dual_arm_controller/share/dual_arm_controller/local_setup.sh
-- Up-to-date: /home/feng/dual_arm_control/install/dual_arm_controller/share/dual_arm_controller/local_setup.zsh
-- Up-to-date: /home/feng/dual_arm_control/install/dual_arm_controller/share/dual_arm_controller/local_setup.dsv
-- Installing: /home/feng/dual_arm_control/install/dual_arm_controller/share/dual_arm_controller/package.dsv
-- Up-to-date: /home/feng/dual_arm_control/install/dual_arm_controller/share/ament_index/resource_index/packages/dual_arm_controller
-- Up-to-date: /home/feng/dual_arm_control/install/dual_arm_controller/share/dual_arm_controller/cmake/dual_arm_controllerConfig.cmake
-- Up-to-date: /home/feng/dual_arm_control/install/dual_arm_controller/share/dual_arm_controller/cmake/dual_arm_controllerConfig-version.cmake
-- Up-to-date: /home/feng/dual_arm_control/install/dual_arm_controller/share/dual_arm_controller/package.xml
