[0.008s] Invoking command in '/home/feng/dual_arm_control/build/dual_arm_controller': CMAKE_PREFIX_PATH=/home/feng/dual_arm_control/install/dummy2_arm_moveit_config:/home/feng/dual_arm_control/install/dual_arm_controller:/home/feng/zed_ros/install/zed_ros2:/home/feng/zed_ros/install/zed_wrapper:/home/feng/zed_ros/install/zed_components:/opt/ros/humble /usr/bin/cmake --build /home/feng/dual_arm_control/build/dual_arm_controller -- -j32 -l32
[0.039s] [35m[1mConsolidate compiler generated dependencies of target dual_arm_controller_node[0m
[0.053s] [ 50%] [32mBuilding CXX object CMakeFiles/dual_arm_controller_node.dir/src/dual_arm_controller_node.cpp.o[0m
[3.455s] [100%] [32m[1mLinking CXX executable dual_arm_controller_node[0m
[3.601s] [100%] Built target dual_arm_controller_node
[3.611s] Invoked command in '/home/feng/dual_arm_control/build/dual_arm_controller' returned '0': CMAKE_PREFIX_PATH=/home/feng/dual_arm_control/install/dummy2_arm_moveit_config:/home/feng/dual_arm_control/install/dual_arm_controller:/home/feng/zed_ros/install/zed_ros2:/home/feng/zed_ros/install/zed_wrapper:/home/feng/zed_ros/install/zed_components:/opt/ros/humble /usr/bin/cmake --build /home/feng/dual_arm_control/build/dual_arm_controller -- -j32 -l32
[3.617s] Invoking command in '/home/feng/dual_arm_control/build/dual_arm_controller': CMAKE_PREFIX_PATH=/home/feng/dual_arm_control/install/dummy2_arm_moveit_config:/home/feng/dual_arm_control/install/dual_arm_controller:/home/feng/zed_ros/install/zed_ros2:/home/feng/zed_ros/install/zed_wrapper:/home/feng/zed_ros/install/zed_components:/opt/ros/humble /usr/bin/cmake --install /home/feng/dual_arm_control/build/dual_arm_controller
[3.620s] -- Install configuration: ""
[3.620s] -- Installing: /home/feng/dual_arm_control/install/dual_arm_controller/lib/dual_arm_controller/dual_arm_controller_node
[3.620s] -- Set runtime path of "/home/feng/dual_arm_control/install/dual_arm_controller/lib/dual_arm_controller/dual_arm_controller_node" to ""
[3.620s] -- Up-to-date: /home/feng/dual_arm_control/install/dual_arm_controller/share/dual_arm_controller/launch
[3.620s] -- Up-to-date: /home/feng/dual_arm_control/install/dual_arm_controller/share/dual_arm_controller/launch/dual_arm_control.launch.py
[3.620s] -- Up-to-date: /home/feng/dual_arm_control/install/dual_arm_controller/share/ament_index/resource_index/package_run_dependencies/dual_arm_controller
[3.620s] -- Up-to-date: /home/feng/dual_arm_control/install/dual_arm_controller/share/ament_index/resource_index/parent_prefix_path/dual_arm_controller
[3.620s] -- Up-to-date: /home/feng/dual_arm_control/install/dual_arm_controller/share/dual_arm_controller/environment/ament_prefix_path.sh
[3.620s] -- Up-to-date: /home/feng/dual_arm_control/install/dual_arm_controller/share/dual_arm_controller/environment/ament_prefix_path.dsv
[3.620s] -- Up-to-date: /home/feng/dual_arm_control/install/dual_arm_controller/share/dual_arm_controller/environment/path.sh
[3.620s] -- Up-to-date: /home/feng/dual_arm_control/install/dual_arm_controller/share/dual_arm_controller/environment/path.dsv
[3.620s] -- Up-to-date: /home/feng/dual_arm_control/install/dual_arm_controller/share/dual_arm_controller/local_setup.bash
[3.620s] -- Up-to-date: /home/feng/dual_arm_control/install/dual_arm_controller/share/dual_arm_controller/local_setup.sh
[3.620s] -- Up-to-date: /home/feng/dual_arm_control/install/dual_arm_controller/share/dual_arm_controller/local_setup.zsh
[3.620s] -- Up-to-date: /home/feng/dual_arm_control/install/dual_arm_controller/share/dual_arm_controller/local_setup.dsv
[3.620s] -- Installing: /home/feng/dual_arm_control/install/dual_arm_controller/share/dual_arm_controller/package.dsv
[3.620s] -- Up-to-date: /home/feng/dual_arm_control/install/dual_arm_controller/share/ament_index/resource_index/packages/dual_arm_controller
[3.620s] -- Up-to-date: /home/feng/dual_arm_control/install/dual_arm_controller/share/dual_arm_controller/cmake/dual_arm_controllerConfig.cmake
[3.620s] -- Up-to-date: /home/feng/dual_arm_control/install/dual_arm_controller/share/dual_arm_controller/cmake/dual_arm_controllerConfig-version.cmake
[3.620s] -- Up-to-date: /home/feng/dual_arm_control/install/dual_arm_controller/share/dual_arm_controller/package.xml
[3.621s] Invoked command in '/home/feng/dual_arm_control/build/dual_arm_controller' returned '0': CMAKE_PREFIX_PATH=/home/feng/dual_arm_control/install/dummy2_arm_moveit_config:/home/feng/dual_arm_control/install/dual_arm_controller:/home/feng/zed_ros/install/zed_ros2:/home/feng/zed_ros/install/zed_wrapper:/home/feng/zed_ros/install/zed_components:/opt/ros/humble /usr/bin/cmake --install /home/feng/dual_arm_control/build/dual_arm_controller
